2024-12-05 17:03:22 INFO  [main] c.e.m.MessageRouterApplication - Starting MessageRouterApplication using Java 21.0.1 with PID 28428 (C:\Users\basil\dev\workspace\message-router\target\classes started by basil in C:\Users\basil\dev\workspace\message-router)
2024-12-05 17:03:22 INFO  [main] c.e.m.MessageRouterApplication - No active profile set, falling back to 1 default profile: "default"
2024-12-05 17:03:23 INFO  [main] o.s.d.r.c.RepositoryConfigurationDelegate - Bootstrapping Spring Data JPA repositories in DEFAULT mode.
2024-12-05 17:03:23 INFO  [main] o.s.d.r.c.RepositoryConfigurationDelegate - Finished Spring Data repository scanning in 34 ms. Found 2 JPA repository interfaces.
2024-12-05 17:03:23 INFO  [main] o.s.b.w.e.tomcat.TomcatWebServer - Tomcat initialized with port 8080 (http)
2024-12-05 17:03:23 INFO  [main] o.a.coyote.http11.Http11NioProtocol - Initializing ProtocolHandler ["http-nio-8080"]
2024-12-05 17:03:23 INFO  [main] o.a.catalina.core.StandardService - Starting service [Tomcat]
2024-12-05 17:03:23 INFO  [main] o.a.catalina.core.StandardEngine - Starting Servlet engine: [Apache Tomcat/10.1.33]
2024-12-05 17:03:23 INFO  [main] o.a.c.c.C.[Tomcat].[localhost].[/] - Initializing Spring embedded WebApplicationContext
2024-12-05 17:03:23 INFO  [main] o.s.b.w.s.c.ServletWebServerApplicationContext - Root WebApplicationContext: initialization completed in 911 ms
2024-12-05 17:03:23 DEBUG [main] o.s.w.f.CommonsRequestLoggingFilter - Filter 'logFilter' configured for use
2024-12-05 17:03:23 INFO  [main] com.zaxxer.hikari.HikariDataSource - HikariPool-1 - Starting...
2024-12-05 17:03:23 INFO  [main] com.zaxxer.hikari.pool.HikariPool - HikariPool-1 - Added connection org.postgresql.jdbc.PgConnection@661e1399
2024-12-05 17:03:23 INFO  [main] com.zaxxer.hikari.HikariDataSource - HikariPool-1 - Start completed.
2024-12-05 17:03:23 INFO  [main] liquibase.database - Set default schema name to public
2024-12-05 17:03:24 INFO  [main] liquibase.changelog - Reading from public.databasechangelog
2024-12-05 17:03:24 INFO  [main] liquibase.ui - Database is up to date, no changesets to execute
2024-12-05 17:03:24 INFO  [main] liquibase.changelog - Reading from public.databasechangelog
2024-12-05 17:03:24 INFO  [main] liquibase.util - UPDATE SUMMARY
2024-12-05 17:03:24 INFO  [main] liquibase.util - Run:                          0
2024-12-05 17:03:24 INFO  [main] liquibase.util - Previously run:               1
2024-12-05 17:03:24 INFO  [main] liquibase.util - Filtered out:                 0
2024-12-05 17:03:24 INFO  [main] liquibase.util - -------------------------------
2024-12-05 17:03:24 INFO  [main] liquibase.util - Total change sets:            1
2024-12-05 17:03:24 INFO  [main] liquibase.util - Update summary generated
2024-12-05 17:03:24 INFO  [main] liquibase.command - Command execution complete
2024-12-05 17:03:24 INFO  [main] o.h.jpa.internal.util.LogHelper - HHH000204: Processing PersistenceUnitInfo [name: default]
2024-12-05 17:03:24 INFO  [main] org.hibernate.Version - HHH000412: Hibernate ORM core version 6.6.2.Final
2024-12-05 17:03:24 INFO  [main] o.h.c.i.RegionFactoryInitiator - HHH000026: Second-level cache disabled
2024-12-05 17:03:24 INFO  [main] o.s.o.j.p.SpringPersistenceUnitInfo - No LoadTimeWeaver setup: ignoring JPA class transformer
2024-12-05 17:03:24 WARN  [main] org.hibernate.orm.deprecation - HHH90000025: PostgreSQLDialect does not need to be specified explicitly using 'hibernate.dialect' (remove the property setting and it will be selected by default)
2024-12-05 17:03:24 INFO  [main] o.hibernate.orm.connections.pooling - HHH10001005: Database info:
	Database JDBC URL [Connecting through datasource 'HikariDataSource (HikariPool-1)']
	Database driver: undefined/unknown
	Database version: 17.2
	Autocommit mode: undefined/unknown
	Isolation level: undefined/unknown
	Minimum pool size: undefined/unknown
	Maximum pool size: undefined/unknown
2024-12-05 17:03:24 INFO  [main] o.h.e.t.j.p.i.JtaPlatformInitiator - HHH000489: No JTA platform available (set 'hibernate.transaction.jta.platform' to enable JTA platform integration)
2024-12-05 17:03:24 INFO  [main] o.s.o.j.LocalContainerEntityManagerFactoryBean - Initialized JPA EntityManagerFactory for persistence unit 'default'
2024-12-05 17:03:25 WARN  [main] o.s.b.a.o.j.JpaBaseConfiguration$JpaWebConfiguration - spring.jpa.open-in-view is enabled by default. Therefore, database queries may be performed during view rendering. Explicitly configure spring.jpa.open-in-view to disable this warning
2024-12-05 17:03:25 INFO  [main] o.a.coyote.http11.Http11NioProtocol - Starting ProtocolHandler ["http-nio-8080"]
2024-12-05 17:03:25 INFO  [main] o.s.b.w.e.tomcat.TomcatWebServer - Tomcat started on port 8080 (http) with context path '/'
2024-12-05 17:03:25 INFO  [main] o.a.k.c.consumer.ConsumerConfig - ConsumerConfig values: 
	allow.auto.create.topics = true
	auto.commit.interval.ms = 5000
	auto.include.jmx.reporter = true
	auto.offset.reset = earliest
	bootstrap.servers = [localhost:9092]
	check.crcs = true
	client.dns.lookup = use_all_dns_ips
	client.id = message-router-0
	client.rack = 
	connections.max.idle.ms = 540000
	default.api.timeout.ms = 60000
	enable.auto.commit = false
	enable.metrics.push = true
	exclude.internal.topics = true
	fetch.max.bytes = 52428800
	fetch.max.wait.ms = 500
	fetch.min.bytes = 1
	group.id = group-1
	group.instance.id = null
	group.protocol = classic
	group.remote.assignor = null
	heartbeat.interval.ms = 3000
	interceptor.classes = []
	internal.leave.group.on.close = true
	internal.throw.on.fetch.stable.offset.unsupported = false
	isolation.level = read_uncommitted
	key.deserializer = class org.apache.kafka.common.serialization.StringDeserializer
	max.partition.fetch.bytes = 1048576
	max.poll.interval.ms = 300000
	max.poll.records = 500
	metadata.max.age.ms = 300000
	metadata.recovery.strategy = none
	metric.reporters = []
	metrics.num.samples = 2
	metrics.recording.level = INFO
	metrics.sample.window.ms = 30000
	partition.assignment.strategy = [class org.apache.kafka.clients.consumer.RangeAssignor, class org.apache.kafka.clients.consumer.CooperativeStickyAssignor]
	receive.buffer.bytes = 65536
	reconnect.backoff.max.ms = 1000
	reconnect.backoff.ms = 50
	request.timeout.ms = 30000
	retry.backoff.max.ms = 1000
	retry.backoff.ms = 100
	sasl.client.callback.handler.class = null
	sasl.jaas.config = null
	sasl.kerberos.kinit.cmd = /usr/bin/kinit
	sasl.kerberos.min.time.before.relogin = 60000
	sasl.kerberos.service.name = null
	sasl.kerberos.ticket.renew.jitter = 0.05
	sasl.kerberos.ticket.renew.window.factor = 0.8
	sasl.login.callback.handler.class = null
	sasl.login.class = null
	sasl.login.connect.timeout.ms = null
	sasl.login.read.timeout.ms = null
	sasl.login.refresh.buffer.seconds = 300
	sasl.login.refresh.min.period.seconds = 60
	sasl.login.refresh.window.factor = 0.8
	sasl.login.refresh.window.jitter = 0.05
	sasl.login.retry.backoff.max.ms = 10000
	sasl.login.retry.backoff.ms = 100
	sasl.mechanism = GSSAPI
	sasl.oauthbearer.clock.skew.seconds = 30
	sasl.oauthbearer.expected.audience = null
	sasl.oauthbearer.expected.issuer = null
	sasl.oauthbearer.jwks.endpoint.refresh.ms = 3600000
	sasl.oauthbearer.jwks.endpoint.retry.backoff.max.ms = 10000
	sasl.oauthbearer.jwks.endpoint.retry.backoff.ms = 100
	sasl.oauthbearer.jwks.endpoint.url = null
	sasl.oauthbearer.scope.claim.name = scope
	sasl.oauthbearer.sub.claim.name = sub
	sasl.oauthbearer.token.endpoint.url = null
	security.protocol = PLAINTEXT
	security.providers = null
	send.buffer.bytes = 131072
	session.timeout.ms = 45000
	socket.connection.setup.timeout.max.ms = 30000
	socket.connection.setup.timeout.ms = 10000
	ssl.cipher.suites = null
	ssl.enabled.protocols = [TLSv1.2, TLSv1.3]
	ssl.endpoint.identification.algorithm = https
	ssl.engine.factory.class = null
	ssl.key.password = null
	ssl.keymanager.algorithm = SunX509
	ssl.keystore.certificate.chain = null
	ssl.keystore.key = null
	ssl.keystore.location = null
	ssl.keystore.password = null
	ssl.keystore.type = JKS
	ssl.protocol = TLSv1.3
	ssl.provider = null
	ssl.secure.random.implementation = null
	ssl.trustmanager.algorithm = PKIX
	ssl.truststore.certificates = null
	ssl.truststore.location = null
	ssl.truststore.password = null
	ssl.truststore.type = JKS
	value.deserializer = class org.apache.kafka.common.serialization.StringDeserializer

2024-12-05 17:03:25 INFO  [main] o.a.k.c.t.i.KafkaMetricsCollector - initializing Kafka metrics collector
2024-12-05 17:03:25 INFO  [main] o.a.kafka.common.utils.AppInfoParser - Kafka version: 3.8.1
2024-12-05 17:03:25 INFO  [main] o.a.kafka.common.utils.AppInfoParser - Kafka commitId: 70d6ff42debf7e17
2024-12-05 17:03:25 INFO  [main] o.a.kafka.common.utils.AppInfoParser - Kafka startTimeMs: 1733414605786
2024-12-05 17:03:25 INFO  [main] o.a.k.c.c.i.LegacyKafkaConsumer - [Consumer clientId=message-router-0, groupId=group-1] Subscribed to topic(s): topic-1
2024-12-05 17:03:25 INFO  [main] c.e.m.MessageRouterApplication - Started MessageRouterApplication in 3.595 seconds (process running for 3.958)
2024-12-05 17:03:26 INFO  [org.springframework.kafka.KafkaListenerEndpointContainer#0-0-C-1] org.apache.kafka.clients.Metadata - [Consumer clientId=message-router-0, groupId=group-1] Cluster ID: 7q1ik_4VS52QRFF-d_EIgg
2024-12-05 17:03:26 INFO  [org.springframework.kafka.KafkaListenerEndpointContainer#0-0-C-1] o.a.k.c.c.i.ConsumerCoordinator - [Consumer clientId=message-router-0, groupId=group-1] Discovered group coordinator localhost:9092 (id: 2147483646 rack: null)
2024-12-05 17:03:26 INFO  [org.springframework.kafka.KafkaListenerEndpointContainer#0-0-C-1] o.a.k.c.c.i.ConsumerCoordinator - [Consumer clientId=message-router-0, groupId=group-1] (Re-)joining group
2024-12-05 17:03:26 INFO  [org.springframework.kafka.KafkaListenerEndpointContainer#0-0-C-1] o.a.k.c.c.i.ConsumerCoordinator - [Consumer clientId=message-router-0, groupId=group-1] Request joining group due to: need to re-join with the given member-id: message-router-0-775b7187-0170-4f4a-93ef-5893ad4f7fe3
2024-12-05 17:03:26 INFO  [org.springframework.kafka.KafkaListenerEndpointContainer#0-0-C-1] o.a.k.c.c.i.ConsumerCoordinator - [Consumer clientId=message-router-0, groupId=group-1] (Re-)joining group
2024-12-05 17:03:29 INFO  [org.springframework.kafka.KafkaListenerEndpointContainer#0-0-C-1] o.a.k.c.c.i.ConsumerCoordinator - [Consumer clientId=message-router-0, groupId=group-1] Successfully joined group with generation Generation{generationId=27, memberId='message-router-0-775b7187-0170-4f4a-93ef-5893ad4f7fe3', protocol='range'}
2024-12-05 17:03:29 INFO  [org.springframework.kafka.KafkaListenerEndpointContainer#0-0-C-1] o.a.k.c.c.i.ConsumerCoordinator - [Consumer clientId=message-router-0, groupId=group-1] Finished assignment for group at generation 27: {message-router-0-775b7187-0170-4f4a-93ef-5893ad4f7fe3=Assignment(partitions=[topic-1-0])}
2024-12-05 17:03:29 INFO  [org.springframework.kafka.KafkaListenerEndpointContainer#0-0-C-1] o.a.k.c.c.i.ConsumerCoordinator - [Consumer clientId=message-router-0, groupId=group-1] Successfully synced group in generation Generation{generationId=27, memberId='message-router-0-775b7187-0170-4f4a-93ef-5893ad4f7fe3', protocol='range'}
2024-12-05 17:03:29 INFO  [org.springframework.kafka.KafkaListenerEndpointContainer#0-0-C-1] o.a.k.c.c.i.ConsumerCoordinator - [Consumer clientId=message-router-0, groupId=group-1] Notifying assignor about the new Assignment(partitions=[topic-1-0])
2024-12-05 17:03:29 INFO  [org.springframework.kafka.KafkaListenerEndpointContainer#0-0-C-1] o.a.k.c.c.i.ConsumerRebalanceListenerInvoker - [Consumer clientId=message-router-0, groupId=group-1] Adding newly assigned partitions: topic-1-0
2024-12-05 17:03:29 INFO  [org.springframework.kafka.KafkaListenerEndpointContainer#0-0-C-1] o.a.k.c.c.internals.ConsumerUtils - Setting offset for partition topic-1-0 to the committed offset FetchPosition{offset=10, offsetEpoch=Optional.empty, currentLeader=LeaderAndEpoch{leader=Optional[localhost:9092 (id: 1 rack: null)], epoch=0}}
2024-12-05 17:03:29 INFO  [org.springframework.kafka.KafkaListenerEndpointContainer#0-0-C-1] o.s.k.l.KafkaMessageListenerContainer - group-1: partitions assigned: [topic-1-0]
2024-12-05 17:03:47 INFO  [http-nio-8080-exec-1] o.a.c.c.C.[Tomcat].[localhost].[/] - Initializing Spring DispatcherServlet 'dispatcherServlet'
2024-12-05 17:03:47 INFO  [http-nio-8080-exec-1] o.s.web.servlet.DispatcherServlet - Initializing Servlet 'dispatcherServlet'
2024-12-05 17:03:47 INFO  [http-nio-8080-exec-1] o.s.web.servlet.DispatcherServlet - Completed initialization in 1 ms
2024-12-05 17:03:47 DEBUG [http-nio-8080-exec-1] o.s.w.f.CommonsRequestLoggingFilter - Before request [POST /api/messages/send?message=message9]
2024-12-05 17:03:48 INFO  [http-nio-8080-exec-1] c.e.m.i.a.web.MessageController - Sending topic [topic-1] message [message9] 
2024-12-05 17:03:48 INFO  [http-nio-8080-exec-1] o.a.k.c.producer.ProducerConfig - ProducerConfig values: 
	acks = -1
	auto.include.jmx.reporter = true
	batch.size = 16384
	bootstrap.servers = [localhost:9092]
	buffer.memory = 33554432
	client.dns.lookup = use_all_dns_ips
	client.id = message-router-producer-1
	compression.gzip.level = -1
	compression.lz4.level = 9
	compression.type = none
	compression.zstd.level = 3
	connections.max.idle.ms = 540000
	delivery.timeout.ms = 120000
	enable.idempotence = true
	enable.metrics.push = true
	interceptor.classes = []
	key.serializer = class org.apache.kafka.common.serialization.StringSerializer
	linger.ms = 0
	max.block.ms = 60000
	max.in.flight.requests.per.connection = 5
	max.request.size = 1048576
	metadata.max.age.ms = 300000
	metadata.max.idle.ms = 300000
	metadata.recovery.strategy = none
	metric.reporters = []
	metrics.num.samples = 2
	metrics.recording.level = INFO
	metrics.sample.window.ms = 30000
	partitioner.adaptive.partitioning.enable = true
	partitioner.availability.timeout.ms = 0
	partitioner.class = null
	partitioner.ignore.keys = false
	receive.buffer.bytes = 32768
	reconnect.backoff.max.ms = 1000
	reconnect.backoff.ms = 50
	request.timeout.ms = 30000
	retries = 2147483647
	retry.backoff.max.ms = 1000
	retry.backoff.ms = 100
	sasl.client.callback.handler.class = null
	sasl.jaas.config = null
	sasl.kerberos.kinit.cmd = /usr/bin/kinit
	sasl.kerberos.min.time.before.relogin = 60000
	sasl.kerberos.service.name = null
	sasl.kerberos.ticket.renew.jitter = 0.05
	sasl.kerberos.ticket.renew.window.factor = 0.8
	sasl.login.callback.handler.class = null
	sasl.login.class = null
	sasl.login.connect.timeout.ms = null
	sasl.login.read.timeout.ms = null
	sasl.login.refresh.buffer.seconds = 300
	sasl.login.refresh.min.period.seconds = 60
	sasl.login.refresh.window.factor = 0.8
	sasl.login.refresh.window.jitter = 0.05
	sasl.login.retry.backoff.max.ms = 10000
	sasl.login.retry.backoff.ms = 100
	sasl.mechanism = GSSAPI
	sasl.oauthbearer.clock.skew.seconds = 30
	sasl.oauthbearer.expected.audience = null
	sasl.oauthbearer.expected.issuer = null
	sasl.oauthbearer.jwks.endpoint.refresh.ms = 3600000
	sasl.oauthbearer.jwks.endpoint.retry.backoff.max.ms = 10000
	sasl.oauthbearer.jwks.endpoint.retry.backoff.ms = 100
	sasl.oauthbearer.jwks.endpoint.url = null
	sasl.oauthbearer.scope.claim.name = scope
	sasl.oauthbearer.sub.claim.name = sub
	sasl.oauthbearer.token.endpoint.url = null
	security.protocol = PLAINTEXT
	security.providers = null
	send.buffer.bytes = 131072
	socket.connection.setup.timeout.max.ms = 30000
	socket.connection.setup.timeout.ms = 10000
	ssl.cipher.suites = null
	ssl.enabled.protocols = [TLSv1.2, TLSv1.3]
	ssl.endpoint.identification.algorithm = https
	ssl.engine.factory.class = null
	ssl.key.password = null
	ssl.keymanager.algorithm = SunX509
	ssl.keystore.certificate.chain = null
	ssl.keystore.key = null
	ssl.keystore.location = null
	ssl.keystore.password = null
	ssl.keystore.type = JKS
	ssl.protocol = TLSv1.3
	ssl.provider = null
	ssl.secure.random.implementation = null
	ssl.trustmanager.algorithm = PKIX
	ssl.truststore.certificates = null
	ssl.truststore.location = null
	ssl.truststore.password = null
	ssl.truststore.type = JKS
	transaction.timeout.ms = 60000
	transactional.id = null
	value.serializer = class org.apache.kafka.common.serialization.StringSerializer

2024-12-05 17:03:48 INFO  [http-nio-8080-exec-1] o.a.k.c.t.i.KafkaMetricsCollector - initializing Kafka metrics collector
2024-12-05 17:03:48 INFO  [http-nio-8080-exec-1] o.a.k.clients.producer.KafkaProducer - [Producer clientId=message-router-producer-1] Instantiated an idempotent producer.
2024-12-05 17:03:48 INFO  [http-nio-8080-exec-1] o.a.kafka.common.utils.AppInfoParser - Kafka version: 3.8.1
2024-12-05 17:03:48 INFO  [http-nio-8080-exec-1] o.a.kafka.common.utils.AppInfoParser - Kafka commitId: 70d6ff42debf7e17
2024-12-05 17:03:48 INFO  [http-nio-8080-exec-1] o.a.kafka.common.utils.AppInfoParser - Kafka startTimeMs: 1733414628027
2024-12-05 17:03:48 INFO  [kafka-producer-network-thread | message-router-producer-1] org.apache.kafka.clients.Metadata - [Producer clientId=message-router-producer-1] Cluster ID: 7q1ik_4VS52QRFF-d_EIgg
2024-12-05 17:03:48 INFO  [kafka-producer-network-thread | message-router-producer-1] o.a.k.c.p.i.TransactionManager - [Producer clientId=message-router-producer-1] ProducerId set to 5 with epoch 0
2024-12-05 17:03:48 DEBUG [http-nio-8080-exec-1] o.s.w.f.CommonsRequestLoggingFilter - REQUEST DATA: POST /api/messages/send?message=message9]
2024-12-05 17:04:13 DEBUG [http-nio-8080-exec-3] o.s.w.f.CommonsRequestLoggingFilter - Before request [POST /api/messages/send]
2024-12-05 17:04:13 WARN  [http-nio-8080-exec-3] o.s.w.s.m.s.DefaultHandlerExceptionResolver - Resolved [org.springframework.web.bind.MissingServletRequestParameterException: Required request parameter 'message' for method parameter type String is not present]
2024-12-05 17:04:13 DEBUG [http-nio-8080-exec-3] o.s.w.f.CommonsRequestLoggingFilter - REQUEST DATA: POST /api/messages/send]
2024-12-05 17:12:22 INFO  [org.springframework.kafka.KafkaListenerEndpointContainer#0-0-C-1] o.apache.kafka.clients.NetworkClient - [Consumer clientId=message-router-0, groupId=group-1] Node -1 disconnected.
2024-12-05 17:12:48 INFO  [kafka-producer-network-thread | message-router-producer-1] o.apache.kafka.clients.NetworkClient - [Producer clientId=message-router-producer-1] Node -1 disconnected.
2024-12-05 17:15:37 INFO  [org.springframework.kafka.KafkaListenerEndpointContainer#0-0-C-1] o.a.k.c.c.i.ConsumerRebalanceListenerInvoker - [Consumer clientId=message-router-0, groupId=group-1] Revoke previously assigned partitions topic-1-0
2024-12-05 17:15:37 INFO  [org.springframework.kafka.KafkaListenerEndpointContainer#0-0-C-1] o.s.k.l.KafkaMessageListenerContainer - group-1: partitions revoked: [topic-1-0]
2024-12-05 17:15:37 INFO  [org.springframework.kafka.KafkaListenerEndpointContainer#0-0-C-1] o.a.k.c.c.i.ConsumerCoordinator - [Consumer clientId=message-router-0, groupId=group-1] Member message-router-0-775b7187-0170-4f4a-93ef-5893ad4f7fe3 sending LeaveGroup request to coordinator localhost:9092 (id: 2147483646 rack: null) due to the consumer unsubscribed from all topics
2024-12-05 17:15:37 INFO  [org.springframework.kafka.KafkaListenerEndpointContainer#0-0-C-1] o.a.k.c.c.i.ConsumerCoordinator - [Consumer clientId=message-router-0, groupId=group-1] Resetting generation and member id due to: consumer pro-actively leaving the group
2024-12-05 17:15:37 INFO  [org.springframework.kafka.KafkaListenerEndpointContainer#0-0-C-1] o.a.k.c.c.i.ConsumerCoordinator - [Consumer clientId=message-router-0, groupId=group-1] Request joining group due to: consumer pro-actively leaving the group
2024-12-05 17:15:37 INFO  [org.springframework.kafka.KafkaListenerEndpointContainer#0-0-C-1] o.a.k.c.c.i.LegacyKafkaConsumer - [Consumer clientId=message-router-0, groupId=group-1] Unsubscribed all topics or patterns and assigned partitions
2024-12-05 17:15:37 INFO  [org.springframework.kafka.KafkaListenerEndpointContainer#0-0-C-1] o.a.k.c.c.i.ConsumerCoordinator - [Consumer clientId=message-router-0, groupId=group-1] Resetting generation and member id due to: consumer pro-actively leaving the group
2024-12-05 17:15:37 INFO  [org.springframework.kafka.KafkaListenerEndpointContainer#0-0-C-1] o.a.k.c.c.i.ConsumerCoordinator - [Consumer clientId=message-router-0, groupId=group-1] Request joining group due to: consumer pro-actively leaving the group
2024-12-05 17:15:37 INFO  [org.springframework.kafka.KafkaListenerEndpointContainer#0-0-C-1] o.a.kafka.common.metrics.Metrics - Metrics scheduler closed
2024-12-05 17:15:37 INFO  [org.springframework.kafka.KafkaListenerEndpointContainer#0-0-C-1] o.a.kafka.common.metrics.Metrics - Closing reporter org.apache.kafka.common.metrics.JmxReporter
2024-12-05 17:15:37 INFO  [org.springframework.kafka.KafkaListenerEndpointContainer#0-0-C-1] o.a.kafka.common.metrics.Metrics - Closing reporter org.apache.kafka.common.telemetry.internals.ClientTelemetryReporter
2024-12-05 17:15:37 INFO  [org.springframework.kafka.KafkaListenerEndpointContainer#0-0-C-1] o.a.kafka.common.metrics.Metrics - Metrics reporters closed
2024-12-05 17:15:37 INFO  [org.springframework.kafka.KafkaListenerEndpointContainer#0-0-C-1] o.a.kafka.common.utils.AppInfoParser - App info kafka.consumer for message-router-0 unregistered
2024-12-05 17:15:37 INFO  [org.springframework.kafka.KafkaListenerEndpointContainer#0-0-C-1] o.s.k.l.KafkaMessageListenerContainer - group-1: Consumer stopped
2024-12-05 17:15:37 INFO  [SpringApplicationShutdownHook] o.s.b.w.e.tomcat.GracefulShutdown - Commencing graceful shutdown. Waiting for active requests to complete
2024-12-05 17:15:37 INFO  [tomcat-shutdown] o.s.b.w.e.tomcat.GracefulShutdown - Graceful shutdown complete
2024-12-05 17:15:37 INFO  [SpringApplicationShutdownHook] o.a.k.clients.producer.KafkaProducer - [Producer clientId=message-router-producer-1] Closing the Kafka producer with timeoutMillis = 30000 ms.
2024-12-05 17:15:37 INFO  [SpringApplicationShutdownHook] o.a.kafka.common.metrics.Metrics - Metrics scheduler closed
2024-12-05 17:15:37 INFO  [SpringApplicationShutdownHook] o.a.kafka.common.metrics.Metrics - Closing reporter org.apache.kafka.common.metrics.JmxReporter
2024-12-05 17:15:37 INFO  [SpringApplicationShutdownHook] o.a.kafka.common.metrics.Metrics - Closing reporter org.apache.kafka.common.telemetry.internals.ClientTelemetryReporter
2024-12-05 17:15:37 INFO  [SpringApplicationShutdownHook] o.a.kafka.common.metrics.Metrics - Metrics reporters closed
2024-12-05 17:15:37 INFO  [SpringApplicationShutdownHook] o.a.kafka.common.utils.AppInfoParser - App info kafka.producer for message-router-producer-1 unregistered
2024-12-05 17:15:37 INFO  [SpringApplicationShutdownHook] o.s.o.j.LocalContainerEntityManagerFactoryBean - Closing JPA EntityManagerFactory for persistence unit 'default'
2024-12-05 17:15:37 INFO  [SpringApplicationShutdownHook] com.zaxxer.hikari.HikariDataSource - HikariPool-1 - Shutdown initiated...
2024-12-05 17:15:37 INFO  [SpringApplicationShutdownHook] com.zaxxer.hikari.HikariDataSource - HikariPool-1 - Shutdown completed.
